  [1m[35m (0.1ms)[0m  [1m[34mSELECT sqlite_version(*)[0m
  ↳ bin/rails:9
  [1m[35m (1.6ms)[0m  [1m[35mCREATE TABLE "schema_migrations" ("version" varchar NOT NULL PRIMARY KEY)[0m
  ↳ bin/rails:9
  [1m[35m (0.9ms)[0m  [1m[35mCREATE TABLE "ar_internal_metadata" ("key" varchar NOT NULL PRIMARY KEY, "value" varchar, "created_at" datetime NOT NULL, "updated_at" datetime NOT NULL)[0m
  ↳ bin/rails:9
  [1m[35m (0.4ms)[0m  [1m[34mSELECT "schema_migrations"."version" FROM "schema_migrations" ORDER BY "schema_migrations"."version" ASC[0m
  ↳ bin/rails:9
Migrating to CreateCities (20180726164721)
  [1m[35m (0.1ms)[0m  [1m[36mbegin transaction[0m
  ↳ bin/rails:9
  [1m[35m (0.3ms)[0m  [1m[35mCREATE TABLE "cities" ("id" integer PRIMARY KEY AUTOINCREMENT NOT NULL, "city_name" varchar, "created_at" datetime NOT NULL, "updated_at" datetime NOT NULL)[0m
  ↳ db/migrate/20180726164721_create_cities.rb:3
  [1m[36mActiveRecord::SchemaMigration Create (0.2ms)[0m  [1m[32mINSERT INTO "schema_migrations" ("version") VALUES (?)[0m  [["version", "20180726164721"]]
  ↳ bin/rails:9
  [1m[35m (0.7ms)[0m  [1m[36mcommit transaction[0m
  ↳ bin/rails:9
Migrating to CreateDogsitters (20180726164828)
  [1m[35m (0.0ms)[0m  [1m[36mbegin transaction[0m
  ↳ bin/rails:9
  [1m[35m (0.3ms)[0m  [1m[35mCREATE TABLE "dogsitters" ("id" integer PRIMARY KEY AUTOINCREMENT NOT NULL, "first_name" varchar, "last_name" varchar, "city_id" integer, "created_at" datetime NOT NULL, "updated_at" datetime NOT NULL, CONSTRAINT "fk_rails_b74901ccb9"
FOREIGN KEY ("city_id")
  REFERENCES "cities" ("id")
)[0m
  ↳ db/migrate/20180726164828_create_dogsitters.rb:3
  [1m[35m (0.1ms)[0m  [1m[35mCREATE  INDEX "index_dogsitters_on_city_id" ON "dogsitters" ("city_id")[0m
  ↳ db/migrate/20180726164828_create_dogsitters.rb:3
  [1m[36mActiveRecord::SchemaMigration Create (0.2ms)[0m  [1m[32mINSERT INTO "schema_migrations" ("version") VALUES (?)[0m  [["version", "20180726164828"]]
  ↳ bin/rails:9
  [1m[35m (0.7ms)[0m  [1m[36mcommit transaction[0m
  ↳ bin/rails:9
Migrating to CreateDogs (20180726164903)
  [1m[35m (0.0ms)[0m  [1m[36mbegin transaction[0m
  ↳ bin/rails:9
  [1m[35m (0.3ms)[0m  [1m[35mCREATE TABLE "dogs" ("id" integer PRIMARY KEY AUTOINCREMENT NOT NULL, "first_name" varchar, "city_id" integer, "created_at" datetime NOT NULL, "updated_at" datetime NOT NULL, CONSTRAINT "fk_rails_84c3bc7ee8"
FOREIGN KEY ("city_id")
  REFERENCES "cities" ("id")
)[0m
  ↳ db/migrate/20180726164903_create_dogs.rb:3
  [1m[35m (0.1ms)[0m  [1m[35mCREATE  INDEX "index_dogs_on_city_id" ON "dogs" ("city_id")[0m
  ↳ db/migrate/20180726164903_create_dogs.rb:3
  [1m[36mActiveRecord::SchemaMigration Create (0.1ms)[0m  [1m[32mINSERT INTO "schema_migrations" ("version") VALUES (?)[0m  [["version", "20180726164903"]]
  ↳ bin/rails:9
  [1m[35m (0.7ms)[0m  [1m[36mcommit transaction[0m
  ↳ bin/rails:9
Migrating to CreateStrolls (20180726165159)
  [1m[35m (0.0ms)[0m  [1m[36mbegin transaction[0m
  ↳ bin/rails:9
  [1m[35m (0.3ms)[0m  [1m[35mCREATE TABLE "strolls" ("id" integer PRIMARY KEY AUTOINCREMENT NOT NULL, "dogsitter_id" integer, "dog_id" integer, "created_at" datetime NOT NULL, "updated_at" datetime NOT NULL, CONSTRAINT "fk_rails_191ec17721"
FOREIGN KEY ("dogsitter_id")
  REFERENCES "dogsitters" ("id")
, CONSTRAINT "fk_rails_f5b9745d22"
FOREIGN KEY ("dog_id")
  REFERENCES "dogs" ("id")
)[0m
  ↳ db/migrate/20180726165159_create_strolls.rb:3
  [1m[35m (0.1ms)[0m  [1m[35mCREATE  INDEX "index_strolls_on_dogsitter_id" ON "strolls" ("dogsitter_id")[0m
  ↳ db/migrate/20180726165159_create_strolls.rb:3
  [1m[35m (0.1ms)[0m  [1m[35mCREATE  INDEX "index_strolls_on_dog_id" ON "strolls" ("dog_id")[0m
  ↳ db/migrate/20180726165159_create_strolls.rb:3
  [1m[36mActiveRecord::SchemaMigration Create (0.5ms)[0m  [1m[32mINSERT INTO "schema_migrations" ("version") VALUES (?)[0m  [["version", "20180726165159"]]
  ↳ bin/rails:9
  [1m[35m (0.9ms)[0m  [1m[36mcommit transaction[0m
  ↳ bin/rails:9
  [1m[36mActiveRecord::InternalMetadata Load (0.1ms)[0m  [1m[34mSELECT  "ar_internal_metadata".* FROM "ar_internal_metadata" WHERE "ar_internal_metadata"."key" = ? LIMIT ?[0m  [["key", "environment"], ["LIMIT", 1]]
  ↳ bin/rails:9
  [1m[35m (0.1ms)[0m  [1m[36mbegin transaction[0m
  ↳ bin/rails:9
  [1m[36mActiveRecord::InternalMetadata Create (0.3ms)[0m  [1m[32mINSERT INTO "ar_internal_metadata" ("key", "value", "created_at", "updated_at") VALUES (?, ?, ?, ?)[0m  [["key", "environment"], ["value", "development"], ["created_at", "2018-07-26 20:11:53.261050"], ["updated_at", "2018-07-26 20:11:53.261050"]]
  ↳ bin/rails:9
  [1m[35m (0.9ms)[0m  [1m[36mcommit transaction[0m
  ↳ bin/rails:9
  [1m[35m (0.1ms)[0m  [1m[34mSELECT "schema_migrations"."version" FROM "schema_migrations" ORDER BY "schema_migrations"."version" ASC[0m
  ↳ bin/rails:9
  [1m[35m (0.1ms)[0m  [1m[34mSELECT "schema_migrations"."version" FROM "schema_migrations" ORDER BY "schema_migrations"."version" ASC[0m
  ↳ bin/rails:9
  [1m[35m (0.0ms)[0m  [1m[36mbegin transaction[0m
  ↳ db/seeds.rb:2
  [1m[36mCity Create (0.4ms)[0m  [1m[32mINSERT INTO "cities" ("city_name", "created_at", "updated_at") VALUES (?, ?, ?)[0m  [["city_name", "McKenzieburgh"], ["created_at", "2018-07-26 20:12:01.949529"], ["updated_at", "2018-07-26 20:12:01.949529"]]
  ↳ db/seeds.rb:2
  [1m[35m (0.7ms)[0m  [1m[36mcommit transaction[0m
  ↳ db/seeds.rb:2
  [1m[35m (0.0ms)[0m  [1m[36mbegin transaction[0m
  ↳ db/seeds.rb:2
  [1m[36mCity Create (0.3ms)[0m  [1m[32mINSERT INTO "cities" ("city_name", "created_at", "updated_at") VALUES (?, ?, ?)[0m  [["city_name", "Rosemarybury"], ["created_at", "2018-07-26 20:12:01.952348"], ["updated_at", "2018-07-26 20:12:01.952348"]]
  ↳ db/seeds.rb:2
  [1m[35m (0.6ms)[0m  [1m[36mcommit transaction[0m
  ↳ db/seeds.rb:2
  [1m[35m (0.0ms)[0m  [1m[36mbegin transaction[0m
  ↳ db/seeds.rb:2
  [1m[36mCity Create (0.3ms)[0m  [1m[32mINSERT INTO "cities" ("city_name", "created_at", "updated_at") VALUES (?, ?, ?)[0m  [["city_name", "South Tonette"], ["created_at", "2018-07-26 20:12:01.954342"], ["updated_at", "2018-07-26 20:12:01.954342"]]
  ↳ db/seeds.rb:2
  [1m[35m (0.7ms)[0m  [1m[36mcommit transaction[0m
  ↳ db/seeds.rb:2
  [1m[35m (0.0ms)[0m  [1m[36mbegin transaction[0m
  ↳ db/seeds.rb:2
  [1m[36mCity Create (0.3ms)[0m  [1m[32mINSERT INTO "cities" ("city_name", "created_at", "updated_at") VALUES (?, ?, ?)[0m  [["city_name", "Farrellville"], ["created_at", "2018-07-26 20:12:01.956331"], ["updated_at", "2018-07-26 20:12:01.956331"]]
  ↳ db/seeds.rb:2
  [1m[35m (0.6ms)[0m  [1m[36mcommit transaction[0m
  ↳ db/seeds.rb:2
  [1m[35m (0.0ms)[0m  [1m[36mbegin transaction[0m
  ↳ db/seeds.rb:2
  [1m[36mCity Create (0.2ms)[0m  [1m[32mINSERT INTO "cities" ("city_name", "created_at", "updated_at") VALUES (?, ?, ?)[0m  [["city_name", "Port Princess"], ["created_at", "2018-07-26 20:12:01.958324"], ["updated_at", "2018-07-26 20:12:01.958324"]]
  ↳ db/seeds.rb:2
  [1m[35m (0.6ms)[0m  [1m[36mcommit transaction[0m
  ↳ db/seeds.rb:2
  [1m[35m (0.0ms)[0m  [1m[36mbegin transaction[0m
  ↳ db/seeds.rb:2
  [1m[36mCity Create (0.2ms)[0m  [1m[32mINSERT INTO "cities" ("city_name", "created_at", "updated_at") VALUES (?, ?, ?)[0m  [["city_name", "West Kira"], ["created_at", "2018-07-26 20:12:01.960229"], ["updated_at", "2018-07-26 20:12:01.960229"]]
  ↳ db/seeds.rb:2
  [1m[35m (0.7ms)[0m  [1m[36mcommit transaction[0m
  ↳ db/seeds.rb:2
  [1m[35m (0.0ms)[0m  [1m[36mbegin transaction[0m
  ↳ db/seeds.rb:2
  [1m[36mCity Create (0.3ms)[0m  [1m[32mINSERT INTO "cities" ("city_name", "created_at", "updated_at") VALUES (?, ?, ?)[0m  [["city_name", "North Ricardo"], ["created_at", "2018-07-26 20:12:01.962614"], ["updated_at", "2018-07-26 20:12:01.962614"]]
  ↳ db/seeds.rb:2
  [1m[35m (0.7ms)[0m  [1m[36mcommit transaction[0m
  ↳ db/seeds.rb:2
  [1m[35m (0.0ms)[0m  [1m[36mbegin transaction[0m
  ↳ db/seeds.rb:2
  [1m[36mCity Create (0.2ms)[0m  [1m[32mINSERT INTO "cities" ("city_name", "created_at", "updated_at") VALUES (?, ?, ?)[0m  [["city_name", "South Mel"], ["created_at", "2018-07-26 20:12:01.964854"], ["updated_at", "2018-07-26 20:12:01.964854"]]
  ↳ db/seeds.rb:2
  [1m[35m (0.7ms)[0m  [1m[36mcommit transaction[0m
  ↳ db/seeds.rb:2
  [1m[35m (0.0ms)[0m  [1m[36mbegin transaction[0m
  ↳ db/seeds.rb:2
  [1m[36mCity Create (0.2ms)[0m  [1m[32mINSERT INTO "cities" ("city_name", "created_at", "updated_at") VALUES (?, ?, ?)[0m  [["city_name", "Stantonmouth"], ["created_at", "2018-07-26 20:12:01.966822"], ["updated_at", "2018-07-26 20:12:01.966822"]]
  ↳ db/seeds.rb:2
  [1m[35m (0.7ms)[0m  [1m[36mcommit transaction[0m
  ↳ db/seeds.rb:2
  [1m[35m (0.0ms)[0m  [1m[36mbegin transaction[0m
  ↳ db/seeds.rb:2
  [1m[36mCity Create (0.3ms)[0m  [1m[32mINSERT INTO "cities" ("city_name", "created_at", "updated_at") VALUES (?, ?, ?)[0m  [["city_name", "Nolanborough"], ["created_at", "2018-07-26 20:12:01.968840"], ["updated_at", "2018-07-26 20:12:01.968840"]]
  ↳ db/seeds.rb:2
  [1m[35m (0.6ms)[0m  [1m[36mcommit transaction[0m
  ↳ db/seeds.rb:2
  [1m[36mCity Load (0.2ms)[0m  [1m[34mSELECT  "cities".* FROM "cities" ORDER BY "cities"."id" ASC LIMIT ?[0m  [["LIMIT", 1]]
  ↳ db/seeds.rb:8
  [1m[36mCity Load (0.2ms)[0m  [1m[34mSELECT  "cities".* FROM "cities" ORDER BY "cities"."id" DESC LIMIT ?[0m  [["LIMIT", 1]]
  ↳ db/seeds.rb:8
  [1m[35m (0.0ms)[0m  [1m[36mbegin transaction[0m
  ↳ db/seeds.rb:6
  [1m[36mCity Load (0.2ms)[0m  [1m[34mSELECT  "cities".* FROM "cities" WHERE "cities"."id" = ? LIMIT ?[0m  [["id", 4], ["LIMIT", 1]]
  ↳ db/seeds.rb:6
  [1m[36mDogsitter Create (0.3ms)[0m  [1m[32mINSERT INTO "dogsitters" ("first_name", "last_name", "city_id", "created_at", "updated_at") VALUES (?, ?, ?, ?, ?)[0m  [["first_name", "Goldie Wilson"], ["last_name", "Tuco Salamanca"], ["city_id", 4], ["created_at", "2018-07-26 20:12:02.035695"], ["updated_at", "2018-07-26 20:12:02.035695"]]
  ↳ db/seeds.rb:6
  [1m[35m (1.0ms)[0m  [1m[36mcommit transaction[0m
  ↳ db/seeds.rb:6
  [1m[36mCity Load (0.2ms)[0m  [1m[34mSELECT  "cities".* FROM "cities" ORDER BY "cities"."id" ASC LIMIT ?[0m  [["LIMIT", 1]]
  ↳ db/seeds.rb:8
  [1m[36mCity Load (0.1ms)[0m  [1m[34mSELECT  "cities".* FROM "cities" ORDER BY "cities"."id" DESC LIMIT ?[0m  [["LIMIT", 1]]
  ↳ db/seeds.rb:8
  [1m[35m (0.0ms)[0m  [1m[36mbegin transaction[0m
  ↳ db/seeds.rb:6
  [1m[36mCity Load (0.1ms)[0m  [1m[34mSELECT  "cities".* FROM "cities" WHERE "cities"."id" = ? LIMIT ?[0m  [["id", 2], ["LIMIT", 1]]
  ↳ db/seeds.rb:6
  [1m[36mDogsitter Create (0.3ms)[0m  [1m[32mINSERT INTO "dogsitters" ("first_name", "last_name", "city_id", "created_at", "updated_at") VALUES (?, ?, ?, ?, ?)[0m  [["first_name", "Linda McFly"], ["last_name", "Emilio Koyama"], ["city_id", 2], ["created_at", "2018-07-26 20:12:02.040978"], ["updated_at", "2018-07-26 20:12:02.040978"]]
  ↳ db/seeds.rb:6
  [1m[35m (0.7ms)[0m  [1m[36mcommit transaction[0m
  ↳ db/seeds.rb:6
  [1m[36mCity Load (0.2ms)[0m  [1m[34mSELECT  "cities".* FROM "cities" ORDER BY "cities"."id" ASC LIMIT ?[0m  [["LIMIT", 1]]
  ↳ db/seeds.rb:8
  [1m[36mCity Load (0.1ms)[0m  [1m[34mSELECT  "cities".* FROM "cities" ORDER BY "cities"."id" DESC LIMIT ?[0m  [["LIMIT", 1]]
  ↳ db/seeds.rb:8
  [1m[35m (0.0ms)[0m  [1m[36mbegin transaction[0m
  ↳ db/seeds.rb:6
  [1m[36mCity Load (0.1ms)[0m  [1m[34mSELECT  "cities".* FROM "cities" WHERE "cities"."id" = ? LIMIT ?[0m  [["id", 1], ["LIMIT", 1]]
  ↳ db/seeds.rb:6
  [1m[36mDogsitter Create (0.2ms)[0m  [1m[32mINSERT INTO "dogsitters" ("first_name", "last_name", "city_id", "created_at", "updated_at") VALUES (?, ?, ?, ?, ?)[0m  [["first_name", "Mr. Peabody"], ["last_name", "Mrs Pinkman"], ["city_id", 1], ["created_at", "2018-07-26 20:12:02.044603"], ["updated_at", "2018-07-26 20:12:02.044603"]]
  ↳ db/seeds.rb:6
  [1m[35m (0.7ms)[0m  [1m[36mcommit transaction[0m
  ↳ db/seeds.rb:6
  [1m[36mCity Load (0.1ms)[0m  [1m[34mSELECT  "cities".* FROM "cities" ORDER BY "cities"."id" ASC LIMIT ?[0m  [["LIMIT", 1]]
  ↳ db/seeds.rb:8
  [1m[36mCity Load (0.1ms)[0m  [1m[34mSELECT  "cities".* FROM "cities" ORDER BY "cities"."id" DESC LIMIT ?[0m  [["LIMIT", 1]]
  ↳ db/seeds.rb:8
  [1m[35m (0.0ms)[0m  [1m[36mbegin transaction[0m
  ↳ db/seeds.rb:6
  [1m[36mCity Load (0.1ms)[0m  [1m[34mSELECT  "cities".* FROM "cities" WHERE "cities"."id" = ? LIMIT ?[0m  [["id", 1], ["LIMIT", 1]]
  ↳ db/seeds.rb:6
  [1m[36mDogsitter Create (0.3ms)[0m  [1m[32mINSERT INTO "dogsitters" ("first_name", "last_name", "city_id", "created_at", "updated_at") VALUES (?, ?, ?, ?, ?)[0m  [["first_name", "3-D"], ["last_name", "The Cousins"], ["city_id", 1], ["created_at", "2018-07-26 20:12:02.047966"], ["updated_at", "2018-07-26 20:12:02.047966"]]
  ↳ db/seeds.rb:6
  [1m[35m (0.7ms)[0m  [1m[36mcommit transaction[0m
  ↳ db/seeds.rb:6
  [1m[36mCity Load (0.1ms)[0m  [1m[34mSELECT  "cities".* FROM "cities" ORDER BY "cities"."id" ASC LIMIT ?[0m  [["LIMIT", 1]]
  ↳ db/seeds.rb:8
  [1m[36mCity Load (0.1ms)[0m  [1m[34mSELECT  "cities".* FROM "cities" ORDER BY "cities"."id" DESC LIMIT ?[0m  [["LIMIT", 1]]
  ↳ db/seeds.rb:8
  [1m[35m (0.0ms)[0m  [1m[36mbegin transaction[0m
  ↳ db/seeds.rb:6
  [1m[36mCity Load (0.1ms)[0m  [1m[34mSELECT  "cities".* FROM "cities" WHERE "cities"."id" = ? LIMIT ?[0m  [["id", 8], ["LIMIT", 1]]
  ↳ db/seeds.rb:6
  [1m[36mDogsitter Create (0.2ms)[0m  [1m[32mINSERT INTO "dogsitters" ("first_name", "last_name", "city_id", "created_at", "updated_at") VALUES (?, ?, ?, ?, ?)[0m  [["first_name", "Stella Baines"], ["last_name", "Adam Pinkman"], ["city_id", 8], ["created_at", "2018-07-26 20:12:02.052004"], ["updated_at", "2018-07-26 20:12:02.052004"]]
  ↳ db/seeds.rb:6
  [1m[35m (0.8ms)[0m  [1m[36mcommit transaction[0m
  ↳ db/seeds.rb:6
  [1m[36mCity Load (0.2ms)[0m  [1m[34mSELECT  "cities".* FROM "cities" ORDER BY "cities"."id" ASC LIMIT ?[0m  [["LIMIT", 1]]
  ↳ db/seeds.rb:8
  [1m[36mCity Load (0.1ms)[0m  [1m[34mSELECT  "cities".* FROM "cities" ORDER BY "cities"."id" DESC LIMIT ?[0m  [["LIMIT", 1]]
  ↳ db/seeds.rb:8
  [1m[35m (0.0ms)[0m  [1m[36mbegin transaction[0m
  ↳ db/seeds.rb:6
  [1m[36mCity Load (0.1ms)[0m  [1m[34mSELECT  "cities".* FROM "cities" WHERE "cities"."id" = ? LIMIT ?[0m  [["id", 5], ["LIMIT", 1]]
  ↳ db/seeds.rb:6
  [1m[36mDogsitter Create (0.2ms)[0m  [1m[32mINSERT INTO "dogsitters" ("first_name", "last_name", "city_id", "created_at", "updated_at") VALUES (?, ?, ?, ?, ?)[0m  [["first_name", "Marty McFly"], ["last_name", "Gonzo"], ["city_id", 5], ["created_at", "2018-07-26 20:12:02.055285"], ["updated_at", "2018-07-26 20:12:02.055285"]]
  ↳ db/seeds.rb:6
  [1m[35m (0.7ms)[0m  [1m[36mcommit transaction[0m
  ↳ db/seeds.rb:6
  [1m[36mCity Load (0.1ms)[0m  [1m[34mSELECT  "cities".* FROM "cities" ORDER BY "cities"."id" ASC LIMIT ?[0m  [["LIMIT", 1]]
  ↳ db/seeds.rb:8
  [1m[36mCity Load (0.1ms)[0m  [1m[34mSELECT  "cities".* FROM "cities" ORDER BY "cities"."id" DESC LIMIT ?[0m  [["LIMIT", 1]]
  ↳ db/seeds.rb:8
  [1m[35m (0.0ms)[0m  [1m[36mbegin transaction[0m
  ↳ db/seeds.rb:6
  [1m[36mCity Load (0.1ms)[0m  [1m[34mSELECT  "cities".* FROM "cities" WHERE "cities"."id" = ? LIMIT ?[0m  [["id", 5], ["LIMIT", 1]]
  ↳ db/seeds.rb:6
  [1m[36mDogsitter Create (0.2ms)[0m  [1m[32mINSERT INTO "dogsitters" ("first_name", "last_name", "city_id", "created_at", "updated_at") VALUES (?, ?, ?, ?, ?)[0m  [["first_name", "3-D"], ["last_name", "'Don' Eladio Vuente"], ["city_id", 5], ["created_at", "2018-07-26 20:12:02.058911"], ["updated_at", "2018-07-26 20:12:02.058911"]]
  ↳ db/seeds.rb:6
  [1m[35m (0.7ms)[0m  [1m[36mcommit transaction[0m
  ↳ db/seeds.rb:6
  [1m[36mCity Load (0.1ms)[0m  [1m[34mSELECT  "cities".* FROM "cities" ORDER BY "cities"."id" ASC LIMIT ?[0m  [["LIMIT", 1]]
  ↳ db/seeds.rb:8
  [1m[36mCity Load (0.1ms)[0m  [1m[34mSELECT  "cities".* FROM "cities" ORDER BY "cities"."id" DESC LIMIT ?[0m  [["LIMIT", 1]]
  ↳ db/seeds.rb:8
  [1m[35m (0.0ms)[0m  [1m[36mbegin transaction[0m
  ↳ db/seeds.rb:6
  [1m[36mCity Load (0.1ms)[0m  [1m[34mSELECT  "cities".* FROM "cities" WHERE "cities"."id" = ? LIMIT ?[0m  [["id", 1], ["LIMIT", 1]]
  ↳ db/seeds.rb:6
  [1m[36mDogsitter Create (0.2ms)[0m  [1m[32mINSERT INTO "dogsitters" ("first_name", "last_name", "city_id", "created_at", "updated_at") VALUES (?, ?, ?, ?, ?)[0m  [["first_name", "Mr. Strickland"], ["last_name", "Jesse Pinkman"], ["city_id", 1], ["created_at", "2018-07-26 20:12:02.062779"], ["updated_at", "2018-07-26 20:12:02.062779"]]
  ↳ db/seeds.rb:6
  [1m[35m (0.7ms)[0m  [1m[36mcommit transaction[0m
  ↳ db/seeds.rb:6
  [1m[36mCity Load (0.1ms)[0m  [1m[34mSELECT  "cities".* FROM "cities" ORDER BY "cities"."id" ASC LIMIT ?[0m  [["LIMIT", 1]]
  ↳ db/seeds.rb:8
  [1m[36mCity Load (0.1ms)[0m  [1m[34mSELECT  "cities".* FROM "cities" ORDER BY "cities"."id" DESC LIMIT ?[0m  [["LIMIT", 1]]
  ↳ db/seeds.rb:8
  [1m[35m (0.0ms)[0m  [1m[36mbegin transaction[0m
  ↳ db/seeds.rb:6
  [1m[36mCity Load (0.1ms)[0m  [1m[34mSELECT  "cities".* FROM "cities" WHERE "cities"."id" = ? LIMIT ?[0m  [["id", 6], ["LIMIT", 1]]
  ↳ db/seeds.rb:6
  [1m[36mDogsitter Create (0.3ms)[0m  [1m[32mINSERT INTO "dogsitters" ("first_name", "last_name", "city_id", "created_at", "updated_at") VALUES (?, ?, ?, ?, ?)[0m  [["first_name", "Dave McFly"], ["last_name", "Brandon 'Badger' Mayhew"], ["city_id", 6], ["created_at", "2018-07-26 20:12:02.067054"], ["updated_at", "2018-07-26 20:12:02.067054"]]
  ↳ db/seeds.rb:6
  [1m[35m (0.7ms)[0m  [1m[36mcommit transaction[0m
  ↳ db/seeds.rb:6
  [1m[36mCity Load (0.1ms)[0m  [1m[34mSELECT  "cities".* FROM "cities" ORDER BY "cities"."id" ASC LIMIT ?[0m  [["LIMIT", 1]]
  ↳ db/seeds.rb:8
  [1m[36mCity Load (0.1ms)[0m  [1m[34mSELECT  "cities".* FROM "cities" ORDER BY "cities"."id" DESC LIMIT ?[0m  [["LIMIT", 1]]
  ↳ db/seeds.rb:8
  [1m[35m (0.0ms)[0m  [1m[36mbegin transaction[0m
  ↳ db/seeds.rb:6
  [1m[36mCity Load (0.1ms)[0m  [1m[34mSELECT  "cities".* FROM "cities" WHERE "cities"."id" = ? LIMIT ?[0m  [["id", 3], ["LIMIT", 1]]
  ↳ db/seeds.rb:6
  [1m[36mDogsitter Create (0.2ms)[0m  [1m[32mINSERT INTO "dogsitters" ("first_name", "last_name", "city_id", "created_at", "updated_at") VALUES (?, ?, ?, ?, ?)[0m  [["first_name", "Dave McFly"], ["last_name", "Marie Schrader"], ["city_id", 3], ["created_at", "2018-07-26 20:12:02.071501"], ["updated_at", "2018-07-26 20:12:02.071501"]]
  ↳ db/seeds.rb:6
  [1m[35m (0.7ms)[0m  [1m[36mcommit transaction[0m
  ↳ db/seeds.rb:6
  [1m[36mCity Load (0.1ms)[0m  [1m[34mSELECT  "cities".* FROM "cities" ORDER BY "cities"."id" ASC LIMIT ?[0m  [["LIMIT", 1]]
  ↳ db/seeds.rb:13
  [1m[36mCity Load (0.1ms)[0m  [1m[34mSELECT  "cities".* FROM "cities" ORDER BY "cities"."id" DESC LIMIT ?[0m  [["LIMIT", 1]]
  ↳ db/seeds.rb:13
  [1m[35m (0.1ms)[0m  [1m[36mbegin transaction[0m
  ↳ db/seeds.rb:12
  [1m[36mCity Load (0.1ms)[0m  [1m[34mSELECT  "cities".* FROM "cities" WHERE "cities"."id" = ? LIMIT ?[0m  [["id", 5], ["LIMIT", 1]]
  ↳ db/seeds.rb:12
  [1m[36mDog Create (0.4ms)[0m  [1m[32mINSERT INTO "dogs" ("first_name", "city_id", "created_at", "updated_at") VALUES (?, ?, ?, ?)[0m  [["first_name", "Over"], ["city_id", 5], ["created_at", "2018-07-26 20:12:02.091785"], ["updated_at", "2018-07-26 20:12:02.091785"]]
  ↳ db/seeds.rb:12
  [1m[35m (1.0ms)[0m  [1m[36mcommit transaction[0m
  ↳ db/seeds.rb:12
  [1m[36mCity Load (0.1ms)[0m  [1m[34mSELECT  "cities".* FROM "cities" ORDER BY "cities"."id" ASC LIMIT ?[0m  [["LIMIT", 1]]
  ↳ db/seeds.rb:13
  [1m[36mCity Load (0.1ms)[0m  [1m[34mSELECT  "cities".* FROM "cities" ORDER BY "cities"."id" DESC LIMIT ?[0m  [["LIMIT", 1]]
  ↳ db/seeds.rb:13
  [1m[35m (0.0ms)[0m  [1m[36mbegin transaction[0m
  ↳ db/seeds.rb:12
  [1m[36mCity Load (0.7ms)[0m  [1m[34mSELECT  "cities".* FROM "cities" WHERE "cities"."id" = ? LIMIT ?[0m  [["id", 6], ["LIMIT", 1]]
  ↳ db/seeds.rb:12
  [1m[36mDog Create (0.3ms)[0m  [1m[32mINSERT INTO "dogs" ("first_name", "city_id", "created_at", "updated_at") VALUES (?, ?, ?, ?)[0m  [["first_name", "Kafkaesque"], ["city_id", 6], ["created_at", "2018-07-26 20:12:02.098501"], ["updated_at", "2018-07-26 20:12:02.098501"]]
  ↳ db/seeds.rb:12
  [1m[35m (0.8ms)[0m  [1m[36mcommit transaction[0m
  ↳ db/seeds.rb:12
  [1m[36mCity Load (0.1ms)[0m  [1m[34mSELECT  "cities".* FROM "cities" ORDER BY "cities"."id" ASC LIMIT ?[0m  [["LIMIT", 1]]
  ↳ db/seeds.rb:13
  [1m[36mCity Load (0.1ms)[0m  [1m[34mSELECT  "cities".* FROM "cities" ORDER BY "cities"."id" DESC LIMIT ?[0m  [["LIMIT", 1]]
  ↳ db/seeds.rb:13
  [1m[35m (0.0ms)[0m  [1m[36mbegin transaction[0m
  ↳ db/seeds.rb:12
  [1m[36mCity Load (0.1ms)[0m  [1m[34mSELECT  "cities".* FROM "cities" WHERE "cities"."id" = ? LIMIT ?[0m  [["id", 2], ["LIMIT", 1]]
  ↳ db/seeds.rb:12
  [1m[36mDog Create (0.3ms)[0m  [1m[32mINSERT INTO "dogs" ("first_name", "city_id", "created_at", "updated_at") VALUES (?, ?, ?, ?)[0m  [["first_name", "Open House"], ["city_id", 2], ["created_at", "2018-07-26 20:12:02.104232"], ["updated_at", "2018-07-26 20:12:02.104232"]]
  ↳ db/seeds.rb:12
  [1m[35m (0.8ms)[0m  [1m[36mcommit transaction[0m
  ↳ db/seeds.rb:12
  [1m[36mCity Load (0.1ms)[0m  [1m[34mSELECT  "cities".* FROM "cities" ORDER BY "cities"."id" ASC LIMIT ?[0m  [["LIMIT", 1]]
  ↳ db/seeds.rb:13
  [1m[36mCity Load (0.1ms)[0m  [1m[34mSELECT  "cities".* FROM "cities" ORDER BY "cities"."id" DESC LIMIT ?[0m  [["LIMIT", 1]]
  ↳ db/seeds.rb:13
  [1m[35m (0.0ms)[0m  [1m[36mbegin transaction[0m
  ↳ db/seeds.rb:12
  [1m[36mCity Load (0.1ms)[0m  [1m[34mSELECT  "cities".* FROM "cities" WHERE "cities"."id" = ? LIMIT ?[0m  [["id", 8], ["LIMIT", 1]]
  ↳ db/seeds.rb:12
  [1m[36mDog Create (0.3ms)[0m  [1m[32mINSERT INTO "dogs" ("first_name", "city_id", "created_at", "updated_at") VALUES (?, ?, ?, ?)[0m  [["first_name", "Breakage"], ["city_id", 8], ["created_at", "2018-07-26 20:12:02.114310"], ["updated_at", "2018-07-26 20:12:02.114310"]]
  ↳ db/seeds.rb:12
  [1m[35m (0.8ms)[0m  [1m[36mcommit transaction[0m
  ↳ db/seeds.rb:12
  [1m[36mCity Load (0.1ms)[0m  [1m[34mSELECT  "cities".* FROM "cities" ORDER BY "cities"."id" ASC LIMIT ?[0m  [["LIMIT", 1]]
  ↳ db/seeds.rb:13
  [1m[36mCity Load (0.1ms)[0m  [1m[34mSELECT  "cities".* FROM "cities" ORDER BY "cities"."id" DESC LIMIT ?[0m  [["LIMIT", 1]]
  ↳ db/seeds.rb:13
  [1m[35m (0.0ms)[0m  [1m[36mbegin transaction[0m
  ↳ db/seeds.rb:12
  [1m[36mCity Load (0.1ms)[0m  [1m[34mSELECT  "cities".* FROM "cities" WHERE "cities"."id" = ? LIMIT ?[0m  [["id", 4], ["LIMIT", 1]]
  ↳ db/seeds.rb:12
  [1m[36mDog Create (0.8ms)[0m  [1m[32mINSERT INTO "dogs" ("first_name", "city_id", "created_at", "updated_at") VALUES (?, ?, ?, ?)[0m  [["first_name", "Down"], ["city_id", 4], ["created_at", "2018-07-26 20:12:02.119585"], ["updated_at", "2018-07-26 20:12:02.119585"]]
  ↳ db/seeds.rb:12
  [1m[35m (1.0ms)[0m  [1m[36mcommit transaction[0m
  ↳ db/seeds.rb:12
  [1m[36mCity Load (0.1ms)[0m  [1m[34mSELECT  "cities".* FROM "cities" ORDER BY "cities"."id" ASC LIMIT ?[0m  [["LIMIT", 1]]
  ↳ db/seeds.rb:13
  [1m[36mCity Load (0.1ms)[0m  [1m[34mSELECT  "cities".* FROM "cities" ORDER BY "cities"."id" DESC LIMIT ?[0m  [["LIMIT", 1]]
  ↳ db/seeds.rb:13
  [1m[35m (0.0ms)[0m  [1m[36mbegin transaction[0m
  ↳ db/seeds.rb:12
  [1m[36mCity Load (0.1ms)[0m  [1m[34mSELECT  "cities".* FROM "cities" WHERE "cities"."id" = ? LIMIT ?[0m  [["id", 4], ["LIMIT", 1]]
  ↳ db/seeds.rb:12
  [1m[36mDog Create (0.4ms)[0m  [1m[32mINSERT INTO "dogs" ("first_name", "city_id", "created_at", "updated_at") VALUES (?, ?, ?, ?)[0m  [["first_name", "Negro y Azul"], ["city_id", 4], ["created_at", "2018-07-26 20:12:02.124049"], ["updated_at", "2018-07-26 20:12:02.124049"]]
  ↳ db/seeds.rb:12
  [1m[35m (0.6ms)[0m  [1m[36mcommit transaction[0m
  ↳ db/seeds.rb:12
  [1m[36mCity Load (0.1ms)[0m  [1m[34mSELECT  "cities".* FROM "cities" ORDER BY "cities"."id" ASC LIMIT ?[0m  [["LIMIT", 1]]
  ↳ db/seeds.rb:13
  [1m[36mCity Load (0.1ms)[0m  [1m[34mSELECT  "cities".* FROM "cities" ORDER BY "cities"."id" DESC LIMIT ?[0m  [["LIMIT", 1]]
  ↳ db/seeds.rb:13
  [1m[35m (0.1ms)[0m  [1m[36mbegin transaction[0m
  ↳ db/seeds.rb:12
  [1m[36mCity Load (0.1ms)[0m  [1m[34mSELECT  "cities".* FROM "cities" WHERE "cities"."id" = ? LIMIT ?[0m  [["id", 9], ["LIMIT", 1]]
  ↳ db/seeds.rb:12
  [1m[36mDog Create (0.3ms)[0m  [1m[32mINSERT INTO "dogs" ("first_name", "city_id", "created_at", "updated_at") VALUES (?, ?, ?, ?)[0m  [["first_name", "One Minute"], ["city_id", 9], ["created_at", "2018-07-26 20:12:02.129819"], ["updated_at", "2018-07-26 20:12:02.129819"]]
  ↳ db/seeds.rb:12
  [1m[35m (0.7ms)[0m  [1m[36mcommit transaction[0m
  ↳ db/seeds.rb:12
  [1m[36mCity Load (0.1ms)[0m  [1m[34mSELECT  "cities".* FROM "cities" ORDER BY "cities"."id" ASC LIMIT ?[0m  [["LIMIT", 1]]
  ↳ db/seeds.rb:13
  [1m[36mCity Load (0.1ms)[0m  [1m[34mSELECT  "cities".* FROM "cities" ORDER BY "cities"."id" DESC LIMIT ?[0m  [["LIMIT", 1]]
  ↳ db/seeds.rb:13
  [1m[35m (0.0ms)[0m  [1m[36mbegin transaction[0m
  ↳ db/seeds.rb:12
  [1m[36mCity Load (0.1ms)[0m  [1m[34mSELECT  "cities".* FROM "cities" WHERE "cities"."id" = ? LIMIT ?[0m  [["id", 5], ["LIMIT", 1]]
  ↳ db/seeds.rb:12
  [1m[36mDog Create (0.3ms)[0m  [1m[32mINSERT INTO "dogs" ("first_name", "city_id", "created_at", "updated_at") VALUES (?, ?, ?, ?)[0m  [["first_name", "Better Call Saul"], ["city_id", 5], ["created_at", "2018-07-26 20:12:02.133724"], ["updated_at", "2018-07-26 20:12:02.133724"]]
  ↳ db/seeds.rb:12
  [1m[35m (0.6ms)[0m  [1m[36mcommit transaction[0m
  ↳ db/seeds.rb:12
  [1m[36mCity Load (0.1ms)[0m  [1m[34mSELECT  "cities".* FROM "cities" ORDER BY "cities"."id" ASC LIMIT ?[0m  [["LIMIT", 1]]
  ↳ db/seeds.rb:13
  [1m[36mCity Load (0.1ms)[0m  [1m[34mSELECT  "cities".* FROM "cities" ORDER BY "cities"."id" DESC LIMIT ?[0m  [["LIMIT", 1]]
  ↳ db/seeds.rb:13
  [1m[35m (0.0ms)[0m  [1m[36mbegin transaction[0m
  ↳ db/seeds.rb:12
  [1m[36mCity Load (0.1ms)[0m  [1m[34mSELECT  "cities".* FROM "cities" WHERE "cities"."id" = ? LIMIT ?[0m  [["id", 6], ["LIMIT", 1]]
  ↳ db/seeds.rb:12
  [1m[36mDog Create (0.2ms)[0m  [1m[32mINSERT INTO "dogs" ("first_name", "city_id", "created_at", "updated_at") VALUES (?, ?, ?, ?)[0m  [["first_name", "Rabid Dog"], ["city_id", 6], ["created_at", "2018-07-26 20:12:02.136938"], ["updated_at", "2018-07-26 20:12:02.136938"]]
  ↳ db/seeds.rb:12
  [1m[35m (0.6ms)[0m  [1m[36mcommit transaction[0m
  ↳ db/seeds.rb:12
  [1m[36mCity Load (0.1ms)[0m  [1m[34mSELECT  "cities".* FROM "cities" ORDER BY "cities"."id" ASC LIMIT ?[0m  [["LIMIT", 1]]
  ↳ db/seeds.rb:13
  [1m[36mCity Load (0.1ms)[0m  [1m[34mSELECT  "cities".* FROM "cities" ORDER BY "cities"."id" DESC LIMIT ?[0m  [["LIMIT", 1]]
  ↳ db/seeds.rb:13
  [1m[35m (0.0ms)[0m  [1m[36mbegin transaction[0m
  ↳ db/seeds.rb:12
  [1m[36mCity Load (0.1ms)[0m  [1m[34mSELECT  "cities".* FROM "cities" WHERE "cities"."id" = ? LIMIT ?[0m  [["id", 2], ["LIMIT", 1]]
  ↳ db/seeds.rb:12
  [1m[36mDog Create (0.2ms)[0m  [1m[32mINSERT INTO "dogs" ("first_name", "city_id", "created_at", "updated_at") VALUES (?, ?, ?, ?)[0m  [["first_name", "...And the Bag's in the River"], ["city_id", 2], ["created_at", "2018-07-26 20:12:02.140326"], ["updated_at", "2018-07-26 20:12:02.140326"]]
  ↳ db/seeds.rb:12
  [1m[35m (0.9ms)[0m  [1m[36mcommit transaction[0m
  ↳ db/seeds.rb:12
  [1m[36mDogsitter Load (0.2ms)[0m  [1m[34mSELECT  "dogsitters".* FROM "dogsitters" ORDER BY "dogsitters"."id" ASC LIMIT ?[0m  [["LIMIT", 1]]
  ↳ db/seeds.rb:17
  [1m[36mDogsitter Load (0.1ms)[0m  [1m[34mSELECT  "dogsitters".* FROM "dogsitters" ORDER BY "dogsitters"."id" DESC LIMIT ?[0m  [["LIMIT", 1]]
  ↳ db/seeds.rb:17
  [1m[36mDog Load (0.1ms)[0m  [1m[34mSELECT  "dogs".* FROM "dogs" ORDER BY "dogs"."id" ASC LIMIT ?[0m  [["LIMIT", 1]]
  ↳ db/seeds.rb:18
  [1m[36mDog Load (0.1ms)[0m  [1m[34mSELECT  "dogs".* FROM "dogs" ORDER BY "dogs"."id" DESC LIMIT ?[0m  [["LIMIT", 1]]
  ↳ db/seeds.rb:18
  [1m[35m (0.0ms)[0m  [1m[36mbegin transaction[0m
  ↳ db/seeds.rb:17
  [1m[36mDogsitter Load (0.1ms)[0m  [1m[34mSELECT  "dogsitters".* FROM "dogsitters" WHERE "dogsitters"."id" = ? LIMIT ?[0m  [["id", 4], ["LIMIT", 1]]
  ↳ db/seeds.rb:17
  [1m[36mDog Load (0.1ms)[0m  [1m[34mSELECT  "dogs".* FROM "dogs" WHERE "dogs"."id" = ? LIMIT ?[0m  [["id", 1], ["LIMIT", 1]]
  ↳ db/seeds.rb:17
  [1m[36mStroll Create (0.3ms)[0m  [1m[32mINSERT INTO "strolls" ("dogsitter_id", "dog_id", "created_at", "updated_at") VALUES (?, ?, ?, ?)[0m  [["dogsitter_id", 4], ["dog_id", 1], ["created_at", "2018-07-26 20:12:02.157478"], ["updated_at", "2018-07-26 20:12:02.157478"]]
  ↳ db/seeds.rb:17
  [1m[35m (0.9ms)[0m  [1m[36mcommit transaction[0m
  ↳ db/seeds.rb:17
  [1m[36mDogsitter Load (0.1ms)[0m  [1m[34mSELECT  "dogsitters".* FROM "dogsitters" ORDER BY "dogsitters"."id" ASC LIMIT ?[0m  [["LIMIT", 1]]
  ↳ db/seeds.rb:17
  [1m[36mDogsitter Load (0.1ms)[0m  [1m[34mSELECT  "dogsitters".* FROM "dogsitters" ORDER BY "dogsitters"."id" DESC LIMIT ?[0m  [["LIMIT", 1]]
  ↳ db/seeds.rb:17
  [1m[36mDog Load (0.1ms)[0m  [1m[34mSELECT  "dogs".* FROM "dogs" ORDER BY "dogs"."id" ASC LIMIT ?[0m  [["LIMIT", 1]]
  ↳ db/seeds.rb:18
  [1m[36mDog Load (0.1ms)[0m  [1m[34mSELECT  "dogs".* FROM "dogs" ORDER BY "dogs"."id" DESC LIMIT ?[0m  [["LIMIT", 1]]
  ↳ db/seeds.rb:18
  [1m[35m (0.0ms)[0m  [1m[36mbegin transaction[0m
  ↳ db/seeds.rb:17
  [1m[36mDogsitter Load (0.1ms)[0m  [1m[34mSELECT  "dogsitters".* FROM "dogsitters" WHERE "dogsitters"."id" = ? LIMIT ?[0m  [["id", 9], ["LIMIT", 1]]
  ↳ db/seeds.rb:17
  [1m[36mDog Load (0.0ms)[0m  [1m[34mSELECT  "dogs".* FROM "dogs" WHERE "dogs"."id" = ? LIMIT ?[0m  [["id", 6], ["LIMIT", 1]]
  ↳ db/seeds.rb:17
  [1m[36mStroll Create (0.3ms)[0m  [1m[32mINSERT INTO "strolls" ("dogsitter_id", "dog_id", "created_at", "updated_at") VALUES (?, ?, ?, ?)[0m  [["dogsitter_id", 9], ["dog_id", 6], ["created_at", "2018-07-26 20:12:02.165761"], ["updated_at", "2018-07-26 20:12:02.165761"]]
  ↳ db/seeds.rb:17
  [1m[35m (0.7ms)[0m  [1m[36mcommit transaction[0m
  ↳ db/seeds.rb:17
  [1m[36mDogsitter Load (0.1ms)[0m  [1m[34mSELECT  "dogsitters".* FROM "dogsitters" ORDER BY "dogsitters"."id" ASC LIMIT ?[0m  [["LIMIT", 1]]
  ↳ db/seeds.rb:17
  [1m[36mDogsitter Load (0.1ms)[0m  [1m[34mSELECT  "dogsitters".* FROM "dogsitters" ORDER BY "dogsitters"."id" DESC LIMIT ?[0m  [["LIMIT", 1]]
  ↳ db/seeds.rb:17
  [1m[36mDog Load (0.1ms)[0m  [1m[34mSELECT  "dogs".* FROM "dogs" ORDER BY "dogs"."id" ASC LIMIT ?[0m  [["LIMIT", 1]]
  ↳ db/seeds.rb:18
  [1m[36mDog Load (0.1ms)[0m  [1m[34mSELECT  "dogs".* FROM "dogs" ORDER BY "dogs"."id" DESC LIMIT ?[0m  [["LIMIT", 1]]
  ↳ db/seeds.rb:18
  [1m[35m (0.1ms)[0m  [1m[36mbegin transaction[0m
  ↳ db/seeds.rb:17
  [1m[36mDogsitter Load (0.1ms)[0m  [1m[34mSELECT  "dogsitters".* FROM "dogsitters" WHERE "dogsitters"."id" = ? LIMIT ?[0m  [["id", 9], ["LIMIT", 1]]
  ↳ db/seeds.rb:17
  [1m[36mDog Load (0.0ms)[0m  [1m[34mSELECT  "dogs".* FROM "dogs" WHERE "dogs"."id" = ? LIMIT ?[0m  [["id", 5], ["LIMIT", 1]]
  ↳ db/seeds.rb:17
  [1m[36mStroll Create (1.1ms)[0m  [1m[32mINSERT INTO "strolls" ("dogsitter_id", "dog_id", "created_at", "updated_at") VALUES (?, ?, ?, ?)[0m  [["dogsitter_id", 9], ["dog_id", 5], ["created_at", "2018-07-26 20:12:02.173427"], ["updated_at", "2018-07-26 20:12:02.173427"]]
  ↳ db/seeds.rb:17
  [1m[35m (1.0ms)[0m  [1m[36mcommit transaction[0m
  ↳ db/seeds.rb:17
  [1m[36mDogsitter Load (0.2ms)[0m  [1m[34mSELECT  "dogsitters".* FROM "dogsitters" ORDER BY "dogsitters"."id" ASC LIMIT ?[0m  [["LIMIT", 1]]
  ↳ db/seeds.rb:17
  [1m[36mDogsitter Load (0.1ms)[0m  [1m[34mSELECT  "dogsitters".* FROM "dogsitters" ORDER BY "dogsitters"."id" DESC LIMIT ?[0m  [["LIMIT", 1]]
  ↳ db/seeds.rb:17
  [1m[36mDog Load (0.1ms)[0m  [1m[34mSELECT  "dogs".* FROM "dogs" ORDER BY "dogs"."id" ASC LIMIT ?[0m  [["LIMIT", 1]]
  ↳ db/seeds.rb:18
  [1m[36mDog Load (0.1ms)[0m  [1m[34mSELECT  "dogs".* FROM "dogs" ORDER BY "dogs"."id" DESC LIMIT ?[0m  [["LIMIT", 1]]
  ↳ db/seeds.rb:18
  [1m[35m (0.0ms)[0m  [1m[36mbegin transaction[0m
  ↳ db/seeds.rb:17
  [1m[36mDogsitter Load (0.1ms)[0m  [1m[34mSELECT  "dogsitters".* FROM "dogsitters" WHERE "dogsitters"."id" = ? LIMIT ?[0m  [["id", 10], ["LIMIT", 1]]
  ↳ db/seeds.rb:17
  [1m[36mDog Load (0.0ms)[0m  [1m[34mSELECT  "dogs".* FROM "dogs" WHERE "dogs"."id" = ? LIMIT ?[0m  [["id", 5], ["LIMIT", 1]]
  ↳ db/seeds.rb:17
  [1m[36mStroll Create (0.3ms)[0m  [1m[32mINSERT INTO "strolls" ("dogsitter_id", "dog_id", "created_at", "updated_at") VALUES (?, ?, ?, ?)[0m  [["dogsitter_id", 10], ["dog_id", 5], ["created_at", "2018-07-26 20:12:02.193046"], ["updated_at", "2018-07-26 20:12:02.193046"]]
  ↳ db/seeds.rb:17
  [1m[35m (0.7ms)[0m  [1m[36mcommit transaction[0m
  ↳ db/seeds.rb:17
  [1m[36mDogsitter Load (0.1ms)[0m  [1m[34mSELECT  "dogsitters".* FROM "dogsitters" ORDER BY "dogsitters"."id" ASC LIMIT ?[0m  [["LIMIT", 1]]
  ↳ db/seeds.rb:17
  [1m[36mDogsitter Load (0.2ms)[0m  [1m[34mSELECT  "dogsitters".* FROM "dogsitters" ORDER BY "dogsitters"."id" DESC LIMIT ?[0m  [["LIMIT", 1]]
  ↳ db/seeds.rb:17
  [1m[36mDog Load (0.1ms)[0m  [1m[34mSELECT  "dogs".* FROM "dogs" ORDER BY "dogs"."id" ASC LIMIT ?[0m  [["LIMIT", 1]]
  ↳ db/seeds.rb:18
  [1m[36mDog Load (0.1ms)[0m  [1m[34mSELECT  "dogs".* FROM "dogs" ORDER BY "dogs"."id" DESC LIMIT ?[0m  [["LIMIT", 1]]
  ↳ db/seeds.rb:18
  [1m[35m (0.0ms)[0m  [1m[36mbegin transaction[0m
  ↳ db/seeds.rb:17
  [1m[36mDogsitter Load (0.1ms)[0m  [1m[34mSELECT  "dogsitters".* FROM "dogsitters" WHERE "dogsitters"."id" = ? LIMIT ?[0m  [["id", 3], ["LIMIT", 1]]
  ↳ db/seeds.rb:17
  [1m[36mDog Load (0.0ms)[0m  [1m[34mSELECT  "dogs".* FROM "dogs" WHERE "dogs"."id" = ? LIMIT ?[0m  [["id", 9], ["LIMIT", 1]]
  ↳ db/seeds.rb:17
  [1m[36mStroll Create (0.3ms)[0m  [1m[32mINSERT INTO "strolls" ("dogsitter_id", "dog_id", "created_at", "updated_at") VALUES (?, ?, ?, ?)[0m  [["dogsitter_id", 3], ["dog_id", 9], ["created_at", "2018-07-26 20:12:02.199670"], ["updated_at", "2018-07-26 20:12:02.199670"]]
  ↳ db/seeds.rb:17
  [1m[35m (0.6ms)[0m  [1m[36mcommit transaction[0m
  ↳ db/seeds.rb:17
  [1m[36mDogsitter Load (0.1ms)[0m  [1m[34mSELECT  "dogsitters".* FROM "dogsitters" ORDER BY "dogsitters"."id" ASC LIMIT ?[0m  [["LIMIT", 1]]
  ↳ db/seeds.rb:17
  [1m[36mDogsitter Load (0.1ms)[0m  [1m[34mSELECT  "dogsitters".* FROM "dogsitters" ORDER BY "dogsitters"."id" DESC LIMIT ?[0m  [["LIMIT", 1]]
  ↳ db/seeds.rb:17
  [1m[36mDog Load (0.1ms)[0m  [1m[34mSELECT  "dogs".* FROM "dogs" ORDER BY "dogs"."id" ASC LIMIT ?[0m  [["LIMIT", 1]]
  ↳ db/seeds.rb:18
  [1m[36mDog Load (0.1ms)[0m  [1m[34mSELECT  "dogs".* FROM "dogs" ORDER BY "dogs"."id" DESC LIMIT ?[0m  [["LIMIT", 1]]
  ↳ db/seeds.rb:18
  [1m[35m (0.0ms)[0m  [1m[36mbegin transaction[0m
  ↳ db/seeds.rb:17
  [1m[36mDogsitter Load (0.1ms)[0m  [1m[34mSELECT  "dogsitters".* FROM "dogsitters" WHERE "dogsitters"."id" = ? LIMIT ?[0m  [["id", 10], ["LIMIT", 1]]
  ↳ db/seeds.rb:17
  [1m[36mDog Load (0.0ms)[0m  [1m[34mSELECT  "dogs".* FROM "dogs" WHERE "dogs"."id" = ? LIMIT ?[0m  [["id", 1], ["LIMIT", 1]]
  ↳ db/seeds.rb:17
  [1m[36mStroll Create (0.3ms)[0m  [1m[32mINSERT INTO "strolls" ("dogsitter_id", "dog_id", "created_at", "updated_at") VALUES (?, ?, ?, ?)[0m  [["dogsitter_id", 10], ["dog_id", 1], ["created_at", "2018-07-26 20:12:02.204144"], ["updated_at", "2018-07-26 20:12:02.204144"]]
  ↳ db/seeds.rb:17
  [1m[35m (0.8ms)[0m  [1m[36mcommit transaction[0m
  ↳ db/seeds.rb:17
  [1m[36mDogsitter Load (0.1ms)[0m  [1m[34mSELECT  "dogsitters".* FROM "dogsitters" ORDER BY "dogsitters"."id" ASC LIMIT ?[0m  [["LIMIT", 1]]
  ↳ db/seeds.rb:17
  [1m[36mDogsitter Load (0.1ms)[0m  [1m[34mSELECT  "dogsitters".* FROM "dogsitters" ORDER BY "dogsitters"."id" DESC LIMIT ?[0m  [["LIMIT", 1]]
  ↳ db/seeds.rb:17
  [1m[36mDog Load (0.1ms)[0m  [1m[34mSELECT  "dogs".* FROM "dogs" ORDER BY "dogs"."id" ASC LIMIT ?[0m  [["LIMIT", 1]]
  ↳ db/seeds.rb:18
  [1m[36mDog Load (0.1ms)[0m  [1m[34mSELECT  "dogs".* FROM "dogs" ORDER BY "dogs"."id" DESC LIMIT ?[0m  [["LIMIT", 1]]
  ↳ db/seeds.rb:18
  [1m[35m (0.0ms)[0m  [1m[36mbegin transaction[0m
  ↳ db/seeds.rb:17
  [1m[36mDogsitter Load (0.1ms)[0m  [1m[34mSELECT  "dogsitters".* FROM "dogsitters" WHERE "dogsitters"."id" = ? LIMIT ?[0m  [["id", 1], ["LIMIT", 1]]
  ↳ db/seeds.rb:17
  [1m[36mDog Load (0.0ms)[0m  [1m[34mSELECT  "dogs".* FROM "dogs" WHERE "dogs"."id" = ? LIMIT ?[0m  [["id", 9], ["LIMIT", 1]]
  ↳ db/seeds.rb:17
  [1m[36mStroll Create (0.4ms)[0m  [1m[32mINSERT INTO "strolls" ("dogsitter_id", "dog_id", "created_at", "updated_at") VALUES (?, ?, ?, ?)[0m  [["dogsitter_id", 1], ["dog_id", 9], ["created_at", "2018-07-26 20:12:02.210514"], ["updated_at", "2018-07-26 20:12:02.210514"]]
  ↳ db/seeds.rb:17
  [1m[35m (0.9ms)[0m  [1m[36mcommit transaction[0m
  ↳ db/seeds.rb:17
  [1m[36mDogsitter Load (0.1ms)[0m  [1m[34mSELECT  "dogsitters".* FROM "dogsitters" ORDER BY "dogsitters"."id" ASC LIMIT ?[0m  [["LIMIT", 1]]
  ↳ db/seeds.rb:17
  [1m[36mDogsitter Load (0.1ms)[0m  [1m[34mSELECT  "dogsitters".* FROM "dogsitters" ORDER BY "dogsitters"."id" DESC LIMIT ?[0m  [["LIMIT", 1]]
  ↳ db/seeds.rb:17
  [1m[36mDog Load (0.1ms)[0m  [1m[34mSELECT  "dogs".* FROM "dogs" ORDER BY "dogs"."id" ASC LIMIT ?[0m  [["LIMIT", 1]]
  ↳ db/seeds.rb:18
  [1m[36mDog Load (0.1ms)[0m  [1m[34mSELECT  "dogs".* FROM "dogs" ORDER BY "dogs"."id" DESC LIMIT ?[0m  [["LIMIT", 1]]
  ↳ db/seeds.rb:18
  [1m[35m (0.0ms)[0m  [1m[36mbegin transaction[0m
  ↳ db/seeds.rb:17
  [1m[36mDogsitter Load (0.1ms)[0m  [1m[34mSELECT  "dogsitters".* FROM "dogsitters" WHERE "dogsitters"."id" = ? LIMIT ?[0m  [["id", 9], ["LIMIT", 1]]
  ↳ db/seeds.rb:17
  [1m[36mDog Load (0.0ms)[0m  [1m[34mSELECT  "dogs".* FROM "dogs" WHERE "dogs"."id" = ? LIMIT ?[0m  [["id", 4], ["LIMIT", 1]]
  ↳ db/seeds.rb:17
  [1m[36mStroll Create (0.3ms)[0m  [1m[32mINSERT INTO "strolls" ("dogsitter_id", "dog_id", "created_at", "updated_at") VALUES (?, ?, ?, ?)[0m  [["dogsitter_id", 9], ["dog_id", 4], ["created_at", "2018-07-26 20:12:02.215533"], ["updated_at", "2018-07-26 20:12:02.215533"]]
  ↳ db/seeds.rb:17
  [1m[35m (0.7ms)[0m  [1m[36mcommit transaction[0m
  ↳ db/seeds.rb:17
  [1m[36mDogsitter Load (0.1ms)[0m  [1m[34mSELECT  "dogsitters".* FROM "dogsitters" ORDER BY "dogsitters"."id" ASC LIMIT ?[0m  [["LIMIT", 1]]
  ↳ db/seeds.rb:17
  [1m[36mDogsitter Load (0.1ms)[0m  [1m[34mSELECT  "dogsitters".* FROM "dogsitters" ORDER BY "dogsitters"."id" DESC LIMIT ?[0m  [["LIMIT", 1]]
  ↳ db/seeds.rb:17
  [1m[36mDog Load (0.1ms)[0m  [1m[34mSELECT  "dogs".* FROM "dogs" ORDER BY "dogs"."id" ASC LIMIT ?[0m  [["LIMIT", 1]]
  ↳ db/seeds.rb:18
  [1m[36mDog Load (0.1ms)[0m  [1m[34mSELECT  "dogs".* FROM "dogs" ORDER BY "dogs"."id" DESC LIMIT ?[0m  [["LIMIT", 1]]
  ↳ db/seeds.rb:18
  [1m[35m (0.1ms)[0m  [1m[36mbegin transaction[0m
  ↳ db/seeds.rb:17
  [1m[36mDogsitter Load (0.1ms)[0m  [1m[34mSELECT  "dogsitters".* FROM "dogsitters" WHERE "dogsitters"."id" = ? LIMIT ?[0m  [["id", 10], ["LIMIT", 1]]
  ↳ db/seeds.rb:17
  [1m[36mDog Load (0.0ms)[0m  [1m[34mSELECT  "dogs".* FROM "dogs" WHERE "dogs"."id" = ? LIMIT ?[0m  [["id", 8], ["LIMIT", 1]]
  ↳ db/seeds.rb:17
  [1m[36mStroll Create (0.3ms)[0m  [1m[32mINSERT INTO "strolls" ("dogsitter_id", "dog_id", "created_at", "updated_at") VALUES (?, ?, ?, ?)[0m  [["dogsitter_id", 10], ["dog_id", 8], ["created_at", "2018-07-26 20:12:02.219933"], ["updated_at", "2018-07-26 20:12:02.219933"]]
  ↳ db/seeds.rb:17
  [1m[35m (0.7ms)[0m  [1m[36mcommit transaction[0m
  ↳ db/seeds.rb:17
  [1m[36mDogsitter Load (0.1ms)[0m  [1m[34mSELECT  "dogsitters".* FROM "dogsitters" ORDER BY "dogsitters"."id" ASC LIMIT ?[0m  [["LIMIT", 1]]
  ↳ db/seeds.rb:17
  [1m[36mDogsitter Load (0.1ms)[0m  [1m[34mSELECT  "dogsitters".* FROM "dogsitters" ORDER BY "dogsitters"."id" DESC LIMIT ?[0m  [["LIMIT", 1]]
  ↳ db/seeds.rb:17
  [1m[36mDog Load (0.1ms)[0m  [1m[34mSELECT  "dogs".* FROM "dogs" ORDER BY "dogs"."id" ASC LIMIT ?[0m  [["LIMIT", 1]]
  ↳ db/seeds.rb:18
  [1m[36mDog Load (0.1ms)[0m  [1m[34mSELECT  "dogs".* FROM "dogs" ORDER BY "dogs"."id" DESC LIMIT ?[0m  [["LIMIT", 1]]
  ↳ db/seeds.rb:18
  [1m[35m (0.0ms)[0m  [1m[36mbegin transaction[0m
  ↳ db/seeds.rb:17
  [1m[36mDogsitter Load (0.1ms)[0m  [1m[34mSELECT  "dogsitters".* FROM "dogsitters" WHERE "dogsitters"."id" = ? LIMIT ?[0m  [["id", 7], ["LIMIT", 1]]
  ↳ db/seeds.rb:17
  [1m[36mDog Load (0.0ms)[0m  [1m[34mSELECT  "dogs".* FROM "dogs" WHERE "dogs"."id" = ? LIMIT ?[0m  [["id", 6], ["LIMIT", 1]]
  ↳ db/seeds.rb:17
  [1m[36mStroll Create (0.3ms)[0m  [1m[32mINSERT INTO "strolls" ("dogsitter_id", "dog_id", "created_at", "updated_at") VALUES (?, ?, ?, ?)[0m  [["dogsitter_id", 7], ["dog_id", 6], ["created_at", "2018-07-26 20:12:02.224038"], ["updated_at", "2018-07-26 20:12:02.224038"]]
  ↳ db/seeds.rb:17
  [1m[35m (0.6ms)[0m  [1m[36mcommit transaction[0m
  ↳ db/seeds.rb:17
  [1m[36mCity Load (0.4ms)[0m  [1m[34mSELECT  "cities".* FROM "cities" LIMIT ?[0m  [["LIMIT", 11]]
  [1m[36mDogsitter Load (0.3ms)[0m  [1m[34mSELECT  "dogsitters".* FROM "dogsitters" LIMIT ?[0m  [["LIMIT", 11]]
  [1m[36mDog Load (0.2ms)[0m  [1m[34mSELECT  "dogs".* FROM "dogs" LIMIT ?[0m  [["LIMIT", 11]]
  [1m[36mStroll Load (0.2ms)[0m  [1m[34mSELECT  "strolls".* FROM "strolls" LIMIT ?[0m  [["LIMIT", 11]]
